<?xml version="1.0" encoding="UTF-8"?>
<testng-results ignored="0" total="2" passed="1" failed="1" skipped="0">
  <reporter-output>
  </reporter-output>
  <suite started-at="2025-03-31T22:42:19 IST" name="Suite" finished-at="2025-03-31T22:42:25 IST" duration-ms="6379">
    <groups>
    </groups>
    <test started-at="2025-03-31T22:42:19 IST" name="Test" finished-at="2025-03-31T22:42:25 IST" duration-ms="6379">
      <class name="Test.LogInTest">
        <test-method signature="LogInTests(java.lang.String,java.lang.String,java.lang.String)[pri:0, instance:Test.LogInTest@4c178a76]" started-at="2025-03-31T22:42:19 IST" name="LogInTests" data-provider="loginDetails" finished-at="2025-03-31T22:42:19 IST" duration-ms="0" status="FAIL">
          <exception class="org.testng.TestNGException">
            <message>
              <![CDATA[
Data Provider public java.lang.Object[][] utils.DataProviders.excelData() throws java.io.IOException returned a null value]]>
            </message>
            <full-stacktrace>
              <![CDATA[org.testng.TestNGException: 
Data Provider public java.lang.Object[][] utils.DataProviders.excelData() throws java.io.IOException returned a null value
at org.testng.internal.invokers.MethodInvocationHelper.invokeDataProvider(MethodInvocationHelper.java:161)
at org.testng.internal.Parameters.handleParameters(Parameters.java:809)
at org.testng.internal.Parameters.handleParameters(Parameters.java:734)
at org.testng.internal.invokers.ParameterHandler.handleParameters(ParameterHandler.java:72)
at org.testng.internal.invokers.ParameterHandler.createParameters(ParameterHandler.java:51)
at org.testng.internal.invokers.TestInvoker$MethodInvocationAgent.invoke(TestInvoker.java:949)
at org.testng.internal.invokers.TestInvoker.invokeTestMethods(TestInvoker.java:203)
at org.testng.internal.invokers.TestMethodWorker.invokeTestMethods(TestMethodWorker.java:154)
at org.testng.internal.invokers.TestMethodWorker.run(TestMethodWorker.java:134)
at java.base/java.util.ArrayList.forEach(ArrayList.java:1597)
at org.testng.TestRunner.privateRun(TestRunner.java:741)
at org.testng.TestRunner.run(TestRunner.java:616)
at org.testng.SuiteRunner.runTest(SuiteRunner.java:421)
at org.testng.SuiteRunner.runSequentially(SuiteRunner.java:413)
at org.testng.SuiteRunner.privateRun(SuiteRunner.java:373)
at org.testng.SuiteRunner.run(SuiteRunner.java:312)
at org.testng.SuiteRunnerWorker.runSuite(SuiteRunnerWorker.java:52)
at org.testng.SuiteRunnerWorker.run(SuiteRunnerWorker.java:95)
at org.testng.TestNG.runSuitesSequentially(TestNG.java:1274)
at org.testng.TestNG.runSuitesLocally(TestNG.java:1208)
at org.testng.TestNG.runSuites(TestNG.java:1112)
at org.testng.TestNG.run(TestNG.java:1079)
at org.testng.remote.AbstractRemoteTestNG.run(AbstractRemoteTestNG.java:115)
at org.testng.remote.RemoteTestNG.initAndRun(RemoteTestNG.java:293)
at org.testng.remote.RemoteTestNG.main(RemoteTestNG.java:91)
]]>
            </full-stacktrace>
          </exception> <!-- org.testng.TestNGException -->
          <reporter-output>
          </reporter-output>
        </test-method> <!-- LogInTests -->
      </class> <!-- Test.LogInTest -->
      <class name="Test.CartTest">
        <test-method is-config="true" signature="setUp()[pri:0, instance:Test.CartTest@1f59a598]" started-at="2025-03-31T22:42:19 IST" name="setUp" finished-at="2025-03-31T22:42:23 IST" duration-ms="3930" status="PASS">
          <reporter-output>
          </reporter-output>
        </test-method> <!-- setUp -->
        <test-method signature="CartTestt()[pri:0, instance:Test.CartTest@1f59a598]" started-at="2025-03-31T22:42:23 IST" name="CartTestt" finished-at="2025-03-31T22:42:25 IST" depends-on-methods="LogInTests" duration-ms="1994" status="PASS">
          <reporter-output>
          </reporter-output>
        </test-method> <!-- CartTestt -->
        <test-method is-config="true" signature="tearDown()[pri:0, instance:Test.CartTest@1f59a598]" started-at="2025-03-31T22:42:25 IST" name="tearDown" finished-at="2025-03-31T22:42:25 IST" duration-ms="316" status="PASS">
          <reporter-output>
          </reporter-output>
        </test-method> <!-- tearDown -->
      </class> <!-- Test.CartTest -->
    </test> <!-- Test -->
  </suite> <!-- Suite -->
</testng-results>
