<?xml version="1.0" encoding="UTF-8"?>
<testng-results ignored="0" total="5" passed="5" failed="0" skipped="0">
  <reporter-output>
  </reporter-output>
  <suite started-at="2025-04-01T07:46:37 IST" name="Suite" finished-at="2025-04-01T07:46:54 IST" duration-ms="16934">
    <groups>
    </groups>
    <test started-at="2025-04-01T07:46:37 IST" name="Test" finished-at="2025-04-01T07:46:54 IST" duration-ms="16934">
      <class name="Test.LogInTest">
        <test-method is-config="true" signature="setUp()[pri:0, instance:Test.LogInTest@41a2befb]" started-at="2025-04-01T07:46:39 IST" name="setUp" finished-at="2025-04-01T07:46:46 IST" duration-ms="6831" status="PASS">
          <reporter-output>
          </reporter-output>
        </test-method> <!-- setUp -->
        <test-method is-config="true" signature="setUp()[pri:0, instance:Test.LogInTest@41a2befb]" started-at="2025-04-01T07:46:39 IST" name="setUp" finished-at="2025-04-01T07:46:46 IST" duration-ms="7369" status="PASS">
          <reporter-output>
          </reporter-output>
        </test-method> <!-- setUp -->
        <test-method is-config="true" signature="setUp()[pri:0, instance:Test.LogInTest@41a2befb]" started-at="2025-04-01T07:46:39 IST" name="setUp" finished-at="2025-04-01T07:46:46 IST" duration-ms="7366" status="PASS">
          <reporter-output>
          </reporter-output>
        </test-method> <!-- setUp -->
        <test-method is-config="true" signature="setUp()[pri:0, instance:Test.LogInTest@41a2befb]" started-at="2025-04-01T07:46:39 IST" name="setUp" finished-at="2025-04-01T07:46:46 IST" duration-ms="7309" status="PASS">
          <reporter-output>
          </reporter-output>
        </test-method> <!-- setUp -->
        <test-method signature="LogInTests(java.lang.String,java.lang.String,java.lang.String)[pri:0, instance:Test.LogInTest@41a2befb]" started-at="2025-04-01T07:46:46 IST" name="LogInTests" data-provider="loginDetails" finished-at="2025-04-01T07:46:47 IST" duration-ms="1498" status="PASS">
          <params>
            <param index="0">
              <value>
                <![CDATA[abc]]>
              </value>
            </param>
            <param index="1">
              <value>
                <![CDATA[abc]]>
              </value>
            </param>
            <param index="2">
              <value>
                <![CDATA[testcase4]]>
              </value>
            </param>
          </params>
          <reporter-output>
          </reporter-output>
        </test-method> <!-- LogInTests -->
        <test-method signature="LogInTests(java.lang.String,java.lang.String,java.lang.String)[pri:0, instance:Test.LogInTest@41a2befb]" started-at="2025-04-01T07:46:46 IST" name="LogInTests" data-provider="loginDetails" finished-at="2025-04-01T07:46:48 IST" duration-ms="1615" status="PASS">
          <params>
            <param index="0">
              <value>
                <![CDATA[standard_user]]>
              </value>
            </param>
            <param index="1">
              <value>
                <![CDATA[secret_sauce]]>
              </value>
            </param>
            <param index="2">
              <value>
                <![CDATA[testcase1]]>
              </value>
            </param>
          </params>
          <reporter-output>
          </reporter-output>
        </test-method> <!-- LogInTests -->
        <test-method signature="LogInTests(java.lang.String,java.lang.String,java.lang.String)[pri:0, instance:Test.LogInTest@41a2befb]" started-at="2025-04-01T07:46:46 IST" name="LogInTests" data-provider="loginDetails" finished-at="2025-04-01T07:46:47 IST" duration-ms="1211" status="PASS">
          <params>
            <param index="0">
              <value>
                <![CDATA[standard_user]]>
              </value>
            </param>
            <param index="1">
              <value>
                <![CDATA[ ]]>
              </value>
            </param>
            <param index="2">
              <value>
                <![CDATA[testcase2]]>
              </value>
            </param>
          </params>
          <reporter-output>
          </reporter-output>
        </test-method> <!-- LogInTests -->
        <test-method signature="LogInTests(java.lang.String,java.lang.String,java.lang.String)[pri:0, instance:Test.LogInTest@41a2befb]" started-at="2025-04-01T07:46:46 IST" name="LogInTests" data-provider="loginDetails" finished-at="2025-04-01T07:46:48 IST" duration-ms="1478" status="PASS">
          <params>
            <param index="0">
              <value>
                <![CDATA[ ]]>
              </value>
            </param>
            <param index="1">
              <value>
                <![CDATA[secret_sauce]]>
              </value>
            </param>
            <param index="2">
              <value>
                <![CDATA[testcase3]]>
              </value>
            </param>
          </params>
          <reporter-output>
          </reporter-output>
        </test-method> <!-- LogInTests -->
        <test-method is-config="true" signature="tearDown()[pri:0, instance:Test.LogInTest@41a2befb]" started-at="2025-04-01T07:46:47 IST" name="tearDown" finished-at="2025-04-01T07:46:48 IST" duration-ms="968" status="PASS">
          <reporter-output>
          </reporter-output>
        </test-method> <!-- tearDown -->
        <test-method is-config="true" signature="tearDown()[pri:0, instance:Test.LogInTest@41a2befb]" started-at="2025-04-01T07:46:47 IST" name="tearDown" finished-at="2025-04-01T07:46:48 IST" duration-ms="852" status="PASS">
          <reporter-output>
          </reporter-output>
        </test-method> <!-- tearDown -->
        <test-method is-config="true" signature="tearDown()[pri:0, instance:Test.LogInTest@41a2befb]" started-at="2025-04-01T07:46:48 IST" name="tearDown" finished-at="2025-04-01T07:46:48 IST" duration-ms="789" status="PASS">
          <reporter-output>
          </reporter-output>
        </test-method> <!-- tearDown -->
        <test-method is-config="true" signature="tearDown()[pri:0, instance:Test.LogInTest@41a2befb]" started-at="2025-04-01T07:46:48 IST" name="tearDown" finished-at="2025-04-01T07:46:50 IST" duration-ms="1936" status="PASS">
          <reporter-output>
          </reporter-output>
        </test-method> <!-- tearDown -->
      </class> <!-- Test.LogInTest -->
      <class name="Test.CartTest">
        <test-method is-config="true" signature="setUp()[pri:0, instance:Test.CartTest@757277dc]" started-at="2025-04-01T07:46:50 IST" name="setUp" finished-at="2025-04-01T07:46:52 IST" duration-ms="1940" status="PASS">
          <reporter-output>
          </reporter-output>
        </test-method> <!-- setUp -->
        <test-method signature="CartTestt()[pri:0, instance:Test.CartTest@757277dc]" started-at="2025-04-01T07:46:52 IST" name="CartTestt" finished-at="2025-04-01T07:46:54 IST" depends-on-methods="LogInTests" duration-ms="2008" status="PASS">
          <reporter-output>
          </reporter-output>
        </test-method> <!-- CartTestt -->
        <test-method is-config="true" signature="tearDown()[pri:0, instance:Test.CartTest@757277dc]" started-at="2025-04-01T07:46:54 IST" name="tearDown" finished-at="2025-04-01T07:46:54 IST" duration-ms="245" status="PASS">
          <reporter-output>
          </reporter-output>
        </test-method> <!-- tearDown -->
      </class> <!-- Test.CartTest -->
    </test> <!-- Test -->
  </suite> <!-- Suite -->
</testng-results>
