<?xml version="1.0" encoding="UTF-8"?>
<!-- Generated by org.testng.reporters.JUnitXMLReporter -->
<testsuite ignored="0" hostname="LAPTOP-LEC46EMO" failures="1" tests="2" name="Test" time="6.379" errors="0" timestamp="2025-03-31T22:42:25 IST">
  <testcase classname="Test.LogInTest" name="LogInTests" time="0.0">
    <failure type="org.testng.TestNGException" message="
Data Provider public java.lang.Object[][] utils.DataProviders.excelData() throws java.io.IOException returned a null value">
      <![CDATA[org.testng.TestNGException: 
Data Provider public java.lang.Object[][] utils.DataProviders.excelData() throws java.io.IOException returned a null value
at java.base/java.util.ArrayList.forEach(ArrayList.java:1597)
... Removed 24 stack frames]]>
    </failure>
  </testcase> <!-- LogInTests -->
  <testcase classname="Test.CartTest" name="CartTestt" time="1.994"/>
</testsuite> <!-- Test -->
