<?xml version="1.0" encoding="UTF-8"?>
<!-- Generated by org.testng.reporters.JUnitXMLReporter -->
<testsuite ignored="0" hostname="LAPTOP-LEC46EMO" failures="0" tests="5" name="Test" time="30.595" errors="0" timestamp="2025-04-01T09:56:08 IST">
  <testcase classname="Test.LogInTest" name="LogInTests" time="1.742"/>
  <testcase classname="Test.LogInTest" name="LogInTests" time="2.158"/>
  <testcase classname="Test.LogInTest" name="LogInTests" time="2.484"/>
  <testcase classname="Test.LogInTest" name="LogInTests" time="1.976"/>
  <testcase classname="Test.CartTest" name="CartTestt" time="2.389"/>
</testsuite> <!-- Test -->
